[2022-06-03 16:47:45.336] [jointLog] [info] setting maxHashResizeThreads to 10
[2022-06-03 16:47:45.336] [jointLog] [info] Fragment incompatibility prior below threshold.  Incompatible fragments will be ignored.
[2022-06-03 16:47:45.336] [jointLog] [info] Usage of --validateMappings implies use of minScoreFraction. Since not explicitly specified, it is being set to 0.65
[2022-06-03 16:47:45.337] [jointLog] [info] Setting consensusSlack to selective-alignment default of 0.35.
[2022-06-03 16:47:45.337] [jointLog] [info] parsing read library format
[2022-06-03 16:47:45.337] [jointLog] [info] There is 1 library.
[2022-06-03 16:47:45.374] [jointLog] [info] Loading pufferfish index
[2022-06-03 16:47:45.374] [jointLog] [info] Loading dense pufferfish index.
[2022-06-03 16:48:51.681] [jointLog] [info] done
[2022-06-03 16:48:51.681] [jointLog] [info] Index contained 152,890 targets
[2022-06-03 16:48:54.458] [jointLog] [info] Number of decoys : 194
[2022-06-03 16:48:54.458] [jointLog] [info] First decoy index : 152,696 
[2022-06-03 16:48:54.957] [jointLog] [info] Automatically detected most likely library type as IU

[2022-06-03 16:48:55.057] [jointLog] [info] Computed 971 rich equivalence classes for further processing
[2022-06-03 16:48:55.057] [jointLog] [info] Counted 23,608 total reads in the equivalence classes 
[2022-06-03 16:48:55.062] [jointLog] [info] Number of mappings discarded because of alignment score : 24,590
[2022-06-03 16:48:55.062] [jointLog] [info] Number of fragments entirely discarded because of alignment score : 17
[2022-06-03 16:48:55.062] [jointLog] [info] Number of fragments discarded because they are best-mapped to decoys : 17
[2022-06-03 16:48:55.062] [jointLog] [info] Number of fragments discarded because they have only dovetail (discordant) mappings to valid targets : 1,110
[2022-06-03 16:48:55.079] [jointLog] [warning] Only 23608 fragments were mapped, but the number of burn-in fragments was set to 5000000.
The effective lengths have been computed using the observed mappings.

[2022-06-03 16:48:55.079] [jointLog] [info] Mapping rate = 99.928%

[2022-06-03 16:48:55.079] [jointLog] [info] finished quantifyLibrary()
[2022-06-03 16:48:55.083] [jointLog] [info] Starting optimizer
[2022-06-03 16:48:55.140] [jointLog] [info] Marked 0 weighted equivalence classes as degenerate
[2022-06-03 16:48:55.147] [jointLog] [info] iteration = 0 | max rel diff. = 4.36364
[2022-06-03 16:48:55.218] [jointLog] [info] iteration 11, adjusting effective lengths to account for biases
[2022-06-03 16:48:55.395] [jointLog] [info] Computed expected counts (for bias correction)
[2022-06-03 16:48:55.399] [jointLog] [info] processed bias for 37.7% of the transcripts
[2022-06-03 16:48:55.399] [jointLog] [info] processed bias for 38.0% of the transcripts
[2022-06-03 16:48:55.399] [jointLog] [info] processed bias for 40.5% of the transcripts
[2022-06-03 16:48:55.399] [jointLog] [info] processed bias for 41.4% of the transcripts
[2022-06-03 16:48:55.400] [jointLog] [info] processed bias for 44.2% of the transcripts
[2022-06-03 16:48:55.401] [jointLog] [info] processed bias for 52.1% of the transcripts
[2022-06-03 16:48:55.404] [jointLog] [info] processed bias for 62.6% of the transcripts
[2022-06-03 16:48:55.406] [jointLog] [info] processed bias for 70.9% of the transcripts
[2022-06-03 16:48:55.411] [jointLog] [info] processed bias for 86.3% of the transcripts
[2022-06-03 16:48:55.413] [jointLog] [info] processed bias for 95.6% of the transcripts
[2022-06-03 16:48:55.057] [fileLog] [info] 
At end of round 0
==================
Observed 23625 total fragments (23625 in most recent round)

[2022-06-03 16:48:55.576] [jointLog] [info] processed bias for 100.0% of the transcripts
[2022-06-03 16:48:56.202] [jointLog] [info] iteration = 100 | max rel diff. = 0.0884688
[2022-06-03 16:48:56.508] [jointLog] [info] iteration = 145 | max rel diff. = 0.00805698
[2022-06-03 16:48:56.531] [jointLog] [info] Finished optimizer
[2022-06-03 16:48:56.531] [jointLog] [info] writing output 

[2022-06-03 16:48:56.744] [jointLog] [info] Starting Bootstrapping
[2022-06-03 16:48:56.745] [jointLog] [info] Will draw 100 bootstrap samples
[2022-06-03 16:48:56.745] [jointLog] [info] Optimizing over 971 equivalence classes
[2022-06-03 16:48:56.748] [jointLog] [info] Marked 0 weighted equivalence classes as degenerate
[2022-06-03 16:48:57.962] [jointLog] [info] wrote 1 bootstraps
[2022-06-03 16:48:58.346] [jointLog] [info] wrote 2 bootstraps
[2022-06-03 16:48:58.674] [jointLog] [info] wrote 3 bootstraps
[2022-06-03 16:48:58.695] [jointLog] [info] wrote 4 bootstraps
[2022-06-03 16:48:58.837] [jointLog] [info] wrote 5 bootstraps
[2022-06-03 16:48:59.399] [jointLog] [info] wrote 6 bootstraps
[2022-06-03 16:48:59.589] [jointLog] [info] wrote 7 bootstraps
[2022-06-03 16:48:59.611] [jointLog] [info] wrote 8 bootstraps
[2022-06-03 16:48:59.619] [jointLog] [info] wrote 9 bootstraps
[2022-06-03 16:48:59.709] [jointLog] [info] wrote 10 bootstraps
[2022-06-03 16:49:00.922] [jointLog] [info] wrote 11 bootstraps
[2022-06-03 16:49:00.983] [jointLog] [info] wrote 12 bootstraps
[2022-06-03 16:49:01.101] [jointLog] [info] wrote 13 bootstraps
[2022-06-03 16:49:01.601] [jointLog] [info] wrote 14 bootstraps
[2022-06-03 16:49:01.860] [jointLog] [info] wrote 15 bootstraps
[2022-06-03 16:49:02.180] [jointLog] [info] wrote 16 bootstraps
[2022-06-03 16:49:02.248] [jointLog] [info] wrote 17 bootstraps
[2022-06-03 16:49:02.743] [jointLog] [info] wrote 18 bootstraps
[2022-06-03 16:49:02.882] [jointLog] [info] wrote 19 bootstraps
[2022-06-03 16:49:02.996] [jointLog] [info] wrote 20 bootstraps
[2022-06-03 16:49:03.294] [jointLog] [info] wrote 21 bootstraps
[2022-06-03 16:49:03.638] [jointLog] [info] wrote 22 bootstraps
[2022-06-03 16:49:04.118] [jointLog] [info] wrote 23 bootstraps
[2022-06-03 16:49:04.209] [jointLog] [info] wrote 24 bootstraps
[2022-06-03 16:49:04.346] [jointLog] [info] wrote 25 bootstraps
[2022-06-03 16:49:04.792] [jointLog] [info] wrote 26 bootstraps
[2022-06-03 16:49:05.370] [jointLog] [info] wrote 27 bootstraps
[2022-06-03 16:49:05.389] [jointLog] [info] wrote 28 bootstraps
[2022-06-03 16:49:06.137] [jointLog] [info] wrote 29 bootstraps
[2022-06-03 16:49:06.212] [jointLog] [info] wrote 30 bootstraps
[2022-06-03 16:49:06.259] [jointLog] [info] wrote 31 bootstraps
[2022-06-03 16:49:06.277] [jointLog] [info] wrote 32 bootstraps
[2022-06-03 16:49:06.417] [jointLog] [info] wrote 33 bootstraps
[2022-06-03 16:49:06.874] [jointLog] [info] wrote 34 bootstraps
[2022-06-03 16:49:07.004] [jointLog] [info] wrote 35 bootstraps
[2022-06-03 16:49:07.596] [jointLog] [info] wrote 36 bootstraps
[2022-06-03 16:49:07.664] [jointLog] [info] wrote 37 bootstraps
[2022-06-03 16:49:08.055] [jointLog] [info] wrote 38 bootstraps
[2022-06-03 16:49:08.468] [jointLog] [info] wrote 39 bootstraps
[2022-06-03 16:49:08.906] [jointLog] [info] wrote 40 bootstraps
[2022-06-03 16:49:08.948] [jointLog] [info] wrote 41 bootstraps
[2022-06-03 16:49:09.108] [jointLog] [info] wrote 42 bootstraps
[2022-06-03 16:49:09.259] [jointLog] [info] wrote 43 bootstraps
[2022-06-03 16:49:09.846] [jointLog] [info] wrote 44 bootstraps
[2022-06-03 16:49:09.963] [jointLog] [info] wrote 45 bootstraps
[2022-06-03 16:49:10.216] [jointLog] [info] wrote 46 bootstraps
[2022-06-03 16:49:10.228] [jointLog] [info] wrote 47 bootstraps
[2022-06-03 16:49:10.641] [jointLog] [info] wrote 48 bootstraps
[2022-06-03 16:49:10.866] [jointLog] [info] wrote 49 bootstraps
[2022-06-03 16:49:11.074] [jointLog] [info] wrote 50 bootstraps
[2022-06-03 16:49:11.707] [jointLog] [info] wrote 51 bootstraps
[2022-06-03 16:49:11.951] [jointLog] [info] wrote 52 bootstraps
[2022-06-03 16:49:12.084] [jointLog] [info] wrote 53 bootstraps
[2022-06-03 16:49:12.115] [jointLog] [info] wrote 54 bootstraps
[2022-06-03 16:49:12.267] [jointLog] [info] wrote 55 bootstraps
[2022-06-03 16:49:12.916] [jointLog] [info] wrote 56 bootstraps
[2022-06-03 16:49:13.266] [jointLog] [info] wrote 57 bootstraps
[2022-06-03 16:49:13.281] [jointLog] [info] wrote 58 bootstraps
[2022-06-03 16:49:13.336] [jointLog] [info] wrote 59 bootstraps
[2022-06-03 16:49:13.398] [jointLog] [info] wrote 60 bootstraps
[2022-06-03 16:49:13.414] [jointLog] [info] wrote 61 bootstraps
[2022-06-03 16:49:13.973] [jointLog] [info] wrote 62 bootstraps
[2022-06-03 16:49:14.222] [jointLog] [info] wrote 63 bootstraps
[2022-06-03 16:49:14.435] [jointLog] [info] wrote 64 bootstraps
[2022-06-03 16:49:15.012] [jointLog] [info] wrote 65 bootstraps
[2022-06-03 16:49:15.031] [jointLog] [info] wrote 66 bootstraps
[2022-06-03 16:49:15.341] [jointLog] [info] wrote 67 bootstraps
[2022-06-03 16:49:15.407] [jointLog] [info] wrote 68 bootstraps
[2022-06-03 16:49:15.441] [jointLog] [info] wrote 69 bootstraps
[2022-06-03 16:49:15.777] [jointLog] [info] wrote 70 bootstraps
[2022-06-03 16:49:15.923] [jointLog] [info] wrote 71 bootstraps
[2022-06-03 16:49:16.518] [jointLog] [info] wrote 72 bootstraps
[2022-06-03 16:49:16.862] [jointLog] [info] wrote 73 bootstraps
[2022-06-03 16:49:16.996] [jointLog] [info] wrote 74 bootstraps
[2022-06-03 16:49:17.452] [jointLog] [info] wrote 75 bootstraps
[2022-06-03 16:49:17.786] [jointLog] [info] wrote 76 bootstraps
[2022-06-03 16:49:18.121] [jointLog] [info] wrote 77 bootstraps
[2022-06-03 16:49:18.155] [jointLog] [info] wrote 78 bootstraps
[2022-06-03 16:49:18.285] [jointLog] [info] wrote 79 bootstraps
[2022-06-03 16:49:18.327] [jointLog] [info] wrote 80 bootstraps
[2022-06-03 16:49:18.591] [jointLog] [info] wrote 81 bootstraps
[2022-06-03 16:49:18.733] [jointLog] [info] wrote 82 bootstraps
[2022-06-03 16:49:19.061] [jointLog] [info] wrote 83 bootstraps
[2022-06-03 16:49:19.450] [jointLog] [info] wrote 84 bootstraps
[2022-06-03 16:49:19.677] [jointLog] [info] wrote 85 bootstraps
[2022-06-03 16:49:19.755] [jointLog] [info] wrote 86 bootstraps
[2022-06-03 16:49:20.043] [jointLog] [info] wrote 87 bootstraps
[2022-06-03 16:49:20.393] [jointLog] [info] wrote 88 bootstraps
[2022-06-03 16:49:20.425] [jointLog] [info] wrote 89 bootstraps
[2022-06-03 16:49:20.495] [jointLog] [info] wrote 90 bootstraps
[2022-06-03 16:49:20.883] [jointLog] [info] wrote 91 bootstraps
[2022-06-03 16:49:20.940] [jointLog] [info] wrote 92 bootstraps
[2022-06-03 16:49:21.501] [jointLog] [info] wrote 93 bootstraps
[2022-06-03 16:49:21.550] [jointLog] [info] wrote 94 bootstraps
[2022-06-03 16:49:21.557] [jointLog] [info] wrote 95 bootstraps
[2022-06-03 16:49:21.868] [jointLog] [info] wrote 96 bootstraps
[2022-06-03 16:49:22.006] [jointLog] [info] wrote 97 bootstraps
[2022-06-03 16:49:22.325] [jointLog] [info] wrote 98 bootstraps
[2022-06-03 16:49:23.165] [jointLog] [info] wrote 99 bootstraps
[2022-06-03 16:49:23.502] [jointLog] [info] wrote 100 bootstraps
[2022-06-03 16:49:23.502] [jointLog] [info] Finished Bootstrapping
[2022-06-03 16:49:23.502] [jointLog] [info] Computing gene-level abundance estimates
[2022-06-03 16:49:55.519] [jointLog] [info] There were 153067 transcripts mapping to 19993 genes
[2022-06-03 16:49:55.519] [jointLog] [info] NOTE: We recommend using tximport (https://bioconductor.org/packages/release/bioc/html/tximport.html) for aggregating transcript-level salmon abundance estimates to the gene level.  It is more versatile, exposes more features, and allows considering multi-sample information during aggregation.
[2022-06-03 16:49:55.724] [jointLog] [info] Aggregating expressions to gene level
[2022-06-03 16:49:55.775] [jointLog] [info] done
[2022-06-03 16:49:55.791] [jointLog] [info] writing equivalence class counts.
[2022-06-03 16:49:55.794] [jointLog] [info] Collapsing factorization information into simplified equivalence classes.
[2022-06-03 16:49:55.795] [jointLog] [info] done.
[2022-06-03 16:49:55.909] [jointLog] [info] done writing equivalence class counts.
